<?xml version="1.0" encoding="UTF-8"?>
<!-- Generated by org.testng.reporters.JUnitReportReporter -->
<testsuite hostname="CIPL-PC202" name="Sample.Demo" tests="1" failures="0" timestamp="28 Feb 2014 07:22:23 GMT" time="11.991" errors="0">
  <testcase name="Login" time="11.991" classname="Sample.Demo"/>
</testsuite> <!-- Sample.Demo -->
